C:\node-v20.15.1-win-x64\node_modules\npm\lib\cli\validate-engines.js:31
    throw err
    ^

Error: Cannot find module 'yallist'
Require stack:
- C:\node-v20.15.1-win-x64\node_modules\npm\node_modules\semver\node_modules\lru-cache\index.js
- C:\node-v20.15.1-win-x64\node_modules\npm\node_modules\semver\classes\range.js
- C:\node-v20.15.1-win-x64\node_modules\npm\node_modules\semver\functions\satisfies.js
- C:\node-v20.15.1-win-x64\node_modules\npm\lib\cli\entry.js
- C:\node-v20.15.1-win-x64\node_modules\npm\lib\cli.js
- C:\node-v20.15.1-win-x64\node_modules\npm\bin\npm-cli.js
    at Module._resolveFilename (node:internal/modules/cjs/loader:1145:15)
    at Module._load (node:internal/modules/cjs/loader:986:27)
    at Module.require (node:internal/modules/cjs/loader:1233:19)
    at require (node:internal/modules/helpers:179:18)
    at Object.<anonymous> (C:\node-v20.15.1-win-x64\node_modules\npm\node_modules\semver\node_modules\lru-cache\index.js:4:17)
    at Module._compile (node:internal/modules/cjs/loader:1358:14)
    at Module._extensions..js (node:internal/modules/cjs/loader:1416:10)
    at Module.load (node:internal/modules/cjs/loader:1208:32)
    at Module._load (node:internal/modules/cjs/loader:1024:12)
    at Module.require (node:internal/modules/cjs/loader:1233:19) {
  code: 'MODULE_NOT_FOUND',
  requireStack: [
    'C:\\node-v20.15.1-win-x64\\node_modules\\npm\\node_modules\\semver\\node_modules\\lru-cache\\index.js',
    'C:\\node-v20.15.1-win-x64\\node_modules\\npm\\node_modules\\semver\\classes\\range.js',
    'C:\\node-v20.15.1-win-x64\\node_modules\\npm\\node_modules\\semver\\functions\\satisfies.js',
    'C:\\node-v20.15.1-win-x64\\node_modules\\npm\\lib\\cli\\entry.js',
    'C:\\node-v20.15.1-win-x64\\node_modules\\npm\\lib\\cli.js',
    'C:\\node-v20.15.1-win-x64\\node_modules\\npm\\bin\\npm-cli.js'
  ]
}

Node.js v20.15.1
